DEBUG: Parsing...
DEBUG: Parsed protocol: 0
DEBUG: Parsed host    : 192.168.1.35
DEBUG: Parsed app     : live
DEBUG: RTMP_Connect1, ... connected, handshaking
DEBUG: HandShake: Type Answer   : 03
DEBUG: HandShake: Server Uptime : 3398
DEBUG: HandShake: FMS Version   : 0.0.0.0
DEBUG: HandShake: Handshaking finished....
DEBUG: RTMP_Connect1, handshaked
DEBUG2: RTMP_SendPacket: fd=5604, size=127
DEBUG2:   0000:  03 00 00 00 00 00 7f 14  00 00 00 00               ............      
DEBUG2:   0000:  02 00 07 63 6f 6e 6e 65  63 74 00 3f f0 00 00 00   ...connect.?....  
DEBUG2:   0010:  00 00 00 03 00 03 61 70  70 02 00 04 6c 69 76 65   ......app...live  
DEBUG2:   0020:  00 04 74 79 70 65 02 00  0a 6e 6f 6e 70 72 69 76   ..type...nonpriv  
DEBUG2:   0030:  61 74 65 00 06 73 77 66  55 72 6c 02 00 1c 68 74   ate..swfUrl...ht  
DEBUG2:   0040:  74 70 3a 2f 2f 6c 6f 63  61 6c 68 6f 73 74 2f 6c   tp://localhost/l  
DEBUG2:   0050:  69 62 72 74 6d 70 2e 73  77 66 00 05 74 63 55 72   ibrtmp.swf..tcUr  
DEBUG2:   0060:  6c 02 00 18 72 74 6d 70  3a 2f 2f 31 39 32 2e 31   l...rtmp://192.1  
DEBUG2:   0070:  36 38 2e 31 2e 33 35 2f  6c 69 76 65 00 00 09      68.1.35/live...   
DEBUG: Invoking connect
DEBUG2: RTMP_ReadPacket: fd=5604
DEBUG2:   0000:  02 00 00 00 00 00 06 04  00 00 00 00               ............      
DEBUG2:   0000:  00 00 00 00 00 00                                  ......            
DEBUG: HandleCtrl, received ctrl. type: 0, len: 6
DEBUG: HandleCtrl, Stream Begin 0
DEBUG2: RTMP_ReadPacket: fd=5604
DEBUG2:   0000:  03 00 00 00 00 00 e1 14  00 00 00 00               ............      
DEBUG2:   0000:  02 00 07 5f 72 65 73 75  6c 74 00 3f f0 00 00 00   ..._result.?....  
DEBUG2:   0010:  00 00 00 05 03 00 05 6c  65 76 65 6c 02 00 06 73   .......level...s  
DEBUG2:   0020:  74 61 74 75 73 00 04 63  6f 64 65 02 00 1d 4e 65   tatus..code...Ne  
DEBUG2:   0030:  74 43 6f 6e 6e 65 63 74  69 6f 6e 2e 43 6f 6e 6e   tConnection.Conn  
DEBUG2:   0040:  65 63 74 2e 53 75 63 63  65 73 73 00 0b 64 65 73   ect.Success..des  
DEBUG2:   0050:  63 72 69 70 74 69 6f 6e  02 00 15 43 6f 6e 6e 65   cription...Conne  
DEBUG2:   0060:  63 74 69 6f 6e 20 73 75  63 63 65 65 64 65 64 2e   ction succeeded.  
DEBUG2:   0070:  00 04 64 61 74 61 08 00  00 00 00 00 04 74 79 70   ..data.......typ  
DEBUG2: RTMP_ReadPacket: fd=5604
DEBUG2:   0000:  c3                                                 .                 
DEBUG2:   0000:  65 02 00 04 72 65 64 35  00 07 76 65 72 73 69 6f   e...red5..versio  
DEBUG2:   0010:  6e 02 00 0a 34 2c 30 2c  30 2c 31 31 32 31 00 00   n...4,0,0,1121..  
DEBUG2:   0020:  09 00 0c 63 61 70 61 62  69 6c 69 74 69 65 73 00   ...capabilities.  
DEBUG2:   0030:  40 3f 00 00 00 00 00 00  00 06 66 6d 73 56 65 72   @?........fmsVer  
DEBUG2:   0040:  02 00 0c 52 45 44 35 2f  31 2c 30 2c 30 2c 30 00   ...RED5/1,0,0,0.  
DEBUG2:   0050:  04 6d 6f 64 65 00 3f f0  00 00 00 00 00 00 00 00   .mode.?.........  
DEBUG2:   0060:  09                                                 .                 
DEBUG: RTMP_ClientPacket, received: invoke 225 bytes
DEBUG: (object begin)
DEBUG: Property: NULL
DEBUG: (object begin)
DEBUG: Property: <Name:              level, STRING:	status>
DEBUG: Property: <Name:               code, STRING:	NetConnection.Connect.Success>
DEBUG: Property: <Name:        description, STRING:	Connection succeeded.>
DEBUG: Property: <Name:               data, OBJECT>
DEBUG: (object begin)
DEBUG: Property: <Name:               type, STRING:	red5>
DEBUG: Property: <Name:            version, STRING:	4,0,0,1121>
DEBUG: (object end)
DEBUG: Property: <Name:       capabilities, NUMBER:	31.00>
DEBUG: Property: <Name:             fmsVer, STRING:	RED5/1,0,0,0>
DEBUG: Property: <Name:               mode, NUMBER:	1.00>
DEBUG: (object end)
DEBUG: (object end)
DEBUG: HandleInvoke, server invoking <_result>
DEBUG: HandleInvoke, received result for method call <connect>
DEBUG2: RTMP_SendPacket: fd=5604, size=37
DEBUG2:   0000:  43 00 00 00 00 00 25 14                            C.....%.          
DEBUG2:   0000:  02 00 0d 72 65 6c 65 61  73 65 53 74 72 65 61 6d   ...releaseStream  
DEBUG2:   0010:  00 40 00 00 00 00 00 00  00 05 02 00 08 68 64 65   .@...........hde  
DEBUG2:   0020:  76 74 65 73 74                                     vtest             
DEBUG: Invoking releaseStream
DEBUG2: RTMP_SendPacket: fd=5604, size=33
DEBUG2:   0000:  43 00 00 00 00 00 21 14                            C.....!.          
DEBUG2:   0000:  02 00 09 46 43 50 75 62  6c 69 73 68 00 40 08 00   ...FCPublish.@..  
DEBUG2:   0010:  00 00 00 00 00 05 02 00  08 68 64 65 76 74 65 73   .........hdevtes  
DEBUG2:   0020:  74                                                 t                 
DEBUG: Invoking FCPublish
DEBUG2: RTMP_SendPacket: fd=5604, size=25
DEBUG2:   0000:  43 00 00 00 00 00 19 14                            C.......          
DEBUG2:   0000:  02 00 0c 63 72 65 61 74  65 53 74 72 65 61 6d 00   ...createStream.  
DEBUG2:   0010:  40 10 00 00 00 00 00 00  05                        @........         
DEBUG: Invoking createStream
DEBUG2: RTMP_ReadPacket: fd=5604
DEBUG2:   0000:  43 00 00 00 00 00 15 14                            C.......          
DEBUG2:   0000:  02 00 07 5f 72 65 73 75  6c 74 00 40 00 00 00 00   ..._result.@....  
DEBUG2:   0010:  00 00 00 05 05                                     .....             
DEBUG: RTMP_ClientPacket, received: invoke 21 bytes
DEBUG: (object begin)
DEBUG: Property: NULL
DEBUG: Property: NULL
DEBUG: (object end)
DEBUG: HandleInvoke, server invoking <_result>
DEBUG: HandleInvoke, received result id 2 without matching request
DEBUG2: RTMP_ReadPacket: fd=5604
DEBUG2:   0000:  c3                                                 .                 
DEBUG2:   0000:  02 00 07 5f 72 65 73 75  6c 74 00 40 08 00 00 00   ..._result.@....  
DEBUG2:   0010:  00 00 00 05 05                                     .....             
DEBUG: RTMP_ClientPacket, received: invoke 21 bytes
DEBUG: (object begin)
DEBUG: Property: NULL
DEBUG: Property: NULL
DEBUG: (object end)
DEBUG: HandleInvoke, server invoking <_result>
DEBUG: HandleInvoke, received result id 3 without matching request
DEBUG2: RTMP_ReadPacket: fd=5604
DEBUG2:   0000:  43 00 00 00 00 00 1d 14                            C.......          
DEBUG2:   0000:  02 00 07 5f 72 65 73 75  6c 74 00 40 10 00 00 00   ..._result.@....  
DEBUG2:   0010:  00 00 00 05 00 3f f0 00  00 00 00 00 00            .....?.......     
DEBUG: RTMP_ClientPacket, received: invoke 29 bytes
DEBUG: (object begin)
DEBUG: Property: NULL
DEBUG: (object end)
DEBUG: HandleInvoke, server invoking <_result>
DEBUG: HandleInvoke, received result for method call <createStream>
DEBUG2: RTMP_SendPacket: fd=5604, size=38
DEBUG2:   0000:  04 00 00 00 00 00 26 14  01 00 00 00               ......&.....      
DEBUG2:   0000:  02 00 07 70 75 62 6c 69  73 68 00 40 14 00 00 00   ...publish.@....  
DEBUG2:   0010:  00 00 00 05 02 00 08 68  64 65 76 74 65 73 74 02   .......hdevtest.  
DEBUG2:   0020:  00 04 6c 69 76 65                                  ..live            
DEBUG: Invoking publish
DEBUG2: RTMP_ReadPacket: fd=5604
DEBUG2:   0000:  04 00 00 00 00 00 80 14  01 00 00 00               ............      
DEBUG2:   0000:  02 00 08 6f 6e 53 74 61  74 75 73 00 3f f0 00 00   ...onStatus.?...  
DEBUG2:   0010:  00 00 00 00 05 03 00 05  6c 65 76 65 6c 02 00 06   ........level...  
DEBUG2:   0020:  73 74 61 74 75 73 00 04  63 6f 64 65 02 00 17 4e   status..code...N  
DEBUG2:   0030:  65 74 53 74 72 65 61 6d  2e 50 75 62 6c 69 73 68   etStream.Publish  
DEBUG2:   0040:  2e 53 74 61 72 74 00 0b  64 65 73 63 72 69 70 74   .Start..descript  
DEBUG2:   0050:  69 6f 6e 02 00 00 00 07  64 65 74 61 69 6c 73 02   ion.....details.  
DEBUG2:   0060:  00 08 68 64 65 76 74 65  73 74 00 08 63 6c 69 65   ..hdevtest..clie  
DEBUG2:   0070:  6e 74 69 64 00 3f f0 00  00 00 00 00 00 00 00 09   ntid.?..........  
DEBUG: RTMP_ClientPacket, received: invoke 128 bytes
DEBUG: (object begin)
DEBUG: Property: NULL
DEBUG: (object begin)
DEBUG: Property: <Name:              level, STRING:	status>
DEBUG: Property: <Name:               code, STRING:	NetStream.Publish.Start>
DEBUG: Property: <Name:        description, STRING:	>
DEBUG: Property: <Name:            details, STRING:	hdevtest>
DEBUG: Property: <Name:           clientid, NUMBER:	1.00>
DEBUG: (object end)
DEBUG: (object end)
DEBUG: HandleInvoke, server invoking <onStatus>
DEBUG: HandleInvoke, onStatus: NetStream.Publish.Start
DEBUG2: RTMP_SendPacket: fd=5604, size=107
DEBUG2:   0000:  04 00 00 00 00 00 6b 12  01 00 00 00               ......k.....      
DEBUG2:   0000:  02 00 0d 40 73 65 74 44  61 74 61 46 72 61 6d 65   ...@setDataFrame  
DEBUG2:   0010:  02 00 0a 6f 6e 4d 65 74  61 44 61 74 61 03 00 05   ...onMetaData...  
DEBUG2:   0020:  77 69 64 74 68 00 40 94  00 00 00 00 00 00 00 06   width.@.........  
DEBUG2:   0030:  68 65 69 67 68 74 00 40  86 80 00 00 00 00 00 00   height.@........  
DEBUG2:   0040:  09 66 72 61 6d 65 72 61  74 65 00 40 24 00 00 00   .framerate.@$...  
DEBUG2:   0050:  00 00 00 00 0c 76 69 64  65 6f 63 6f 64 65 63 69   .....videocodeci  
DEBUG2:   0060:  64 02 00 04 61 76 63 31  00 00 09                  d...avc1...       
DEBUG2: RTMP_SendPacket: fd=5604, size=42
DEBUG2:   0000:  04 00 00 00 00 00 2a 09  01 00 00 00               ......*.....      
DEBUG2:   0000:  17 00 00 00 00 01 4d 40  1f ff e1 00 16 67 4d 40   ......M@.....gM@  
DEBUG2:   0010:  1f da 01 40 16 e8 40 00  00 03 00 40 00 00 0c a3   ...@..@....@....  
DEBUG2:   0020:  c6 0c a8 01 00 04 68 ee  3c 80                     ......h.<.        
DEBUG2: RTMP_SendPacket: fd=5604, size=7613
DEBUG2:   0000:  04 00 00 00 00 1d bd 09  01 00 00 00               ............      
DEBUG2:   0000:  00 00 00 16 67 4d 40 1f  da 01 40 16 e8 40 00 00   ....gM@...@..@..  
DEBUG2:   0010:  03 00 40 00 00 0c a3 c6  0c a8 00 00 00 04 68 ee   ..@...........h.  
DEBUG2:   0020:  3c 80 00 00 02 83 06 05  ff ff 7f dc 45 e9 bd e6   <...........E...  
DEBUG2:   0030:  d9 48 b7 96 2c d8 20 d9  23 ee ef 78 32 36 34 20   .H..,. .#..x264   
DEBUG2:   0040:  2d 20 63 6f 72 65 20 31  32 30 20 2d 20 48 2e 32   - core 120 - H.2  
DEBUG2:   0050:  36 34 2f 4d 50 45 47 2d  34 20 41 56 43 20 63 6f   64/MPEG-4 AVC co  
DEBUG2:   0060:  64 65 63 20 2d 20 43 6f  70 79 6c 65 66 74 20 32   dec - Copyleft 2  
DEBUG2:   0070:  30 30 33 2d 32 30 31 32  20 2d 20 68 74 74 70 3a   003-2012 - http:  
DEBUG2:   0000:  c4                                                 .                 
DEBUG2:   0000:  2f 2f 77 77 77 2e 76 69  64 65 6f 6c 61 6e 2e 6f   //www.videolan.o  
DEBUG2:   0010:  72 67 2f 78 32 36 34 2e  68 74 6d 6c 20 2d 20 6f   rg/x264.html - o  
DEBUG2:   0020:  70 74 69 6f 6e 73 3a 20  63 61 62 61 63 3d 31 20   ptions: cabac=1   
DEBUG2:   0030:  72 65 66 3d 31 20 64 65  62 6c 6f 63 6b 3d 31 3a   ref=1 deblock=1:  
DEBUG2:   0040:  30 3a 34 20 61 6e 61 6c  79 73 65 3d 30 78 31 3a   0:4 analyse=0x1:  
DEBUG2:   0050:  30 78 31 33 31 20 6d 65  3d 64 69 61 20 73 75 62   0x131 me=dia sub  
DEBUG2:   0060:  6d 65 3d 36 20 70 73 79  3d 30 20 6d 69 78 65 64   me=6 psy=0 mixed  
DEBUG2:   0070:  5f 72 65 66 3d 30 20 6d  65 5f 72 61 6e 67 65 3d   _ref=0 me_range=  
DEBUG2:   0000:  c4                                                 .                 
DEBUG2:   0000:  31 36 20 63 68 72 6f 6d  61 5f 6d 65 3d 31 20 74   16 chroma_me=1 t  
DEBUG2:   0010:  72 65 6c 6c 69 73 3d 30  20 38 78 38 64 63 74 3d   rellis=0 8x8dct=  
DEBUG2:   0020:  30 20 63 71 6d 3d 30 20  64 65 61 64 7a 6f 6e 65   0 cqm=0 deadzone  
DEBUG2:   0030:  3d 32 31 2c 31 31 20 66  61 73 74 5f 70 73 6b 69   =21,11 fast_pski  
DEBUG2:   0040:  70 3d 31 20 63 68 72 6f  6d 61 5f 71 70 5f 6f 66   p=1 chroma_qp_of  
DEBUG2:   0050:  66 73 65 74 3d 30 20 74  68 72 65 61 64 73 3d 32   fset=0 threads=2  
DEBUG2:   0060:  20 73 6c 69 63 65 64 5f  74 68 72 65 61 64 73 3d    sliced_threads=  
DEBUG2:   0070:  31 20 73 6c 69 63 65 73  3d 32 20 6e 72 3d 30 20   1 slices=2 nr=0   
DEBUG2:   0000:  c4                                                 .                 
DEBUG2:   0000:  64 65 63 69 6d 61 74 65  3d 31 20 69 6e 74 65 72   decimate=1 inter  
DEBUG2:   0010:  6c 61 63 65 64 3d 30 20  62 6c 75 72 61 79 5f 63   laced=0 bluray_c  
DEBUG2:   0020:  6f 6d 70 61 74 3d 30 20  63 6f 6e 73 74 72 61 69   ompat=0 constrai  
DEBUG2:   0030:  6e 65 64 5f 69 6e 74 72  61 3d 30 20 62 66 72 61   ned_intra=0 bfra  
DEBUG2:   0040:  6d 65 73 3d 30 20 77 65  69 67 68 74 70 3d 30 20   mes=0 weightp=0   
DEBUG2:   0050:  6b 65 79 69 6e 74 3d 32  35 30 20 6b 65 79 69 6e   keyint=250 keyin  
DEBUG2:   0060:  74 5f 6d 69 6e 3d 31 32  36 20 73 63 65 6e 65 63   t_min=126 scenec  
DEBUG2:   0070:  75 74 3d 38 30 20 69 6e  74 72 61 5f 72 65 66 72   ut=80 intra_refr  
DEBUG2:   0000:  c4                                                 .                 
DEBUG2:   0000:  65 73 68 3d 30 20 72 63  5f 6c 6f 6f 6b 61 68 65   esh=0 rc_lookahe  
DEBUG2:   0010:  61 64 3d 30 20 72 63 3d  63 62 72 20 6d 62 74 72   ad=0 rc=cbr mbtr  
DEBUG2:   0020:  65 65 3d 30 20 62 69 74  72 61 74 65 3d 37 36 30   ee=0 bitrate=760  
DEBUG2:   0030:  20 72 61 74 65 74 6f 6c  3d 30 2e 31 20 71 63 6f    ratetol=0.1 qco  
DEBUG2:   0040:  6d 70 3d 30 2e 30 30 20  71 70 6d 69 6e 3d 32 36   mp=0.00 qpmin=26  
DEBUG2:   0050:  20 71 70 6d 61 78 3d 35  31 20 71 70 73 74 65 70    qpmax=51 qpstep  
DEBUG2:   0060:  3d 34 20 76 62 76 5f 6d  61 78 72 61 74 65 3d 37   =4 vbv_maxrate=7  
DEBUG2:   0070:  36 30 20 76 62 76 5f 62  75 66 73 69 7a 65 3d 37   60 vbv_bufsize=7  
DEBUG2:   0000:  c4                                                 .                 
DEBUG2:   0000:  36 30 20 6e 61 6c 5f 68  72 64 3d 6e 6f 6e 65 20   60 nal_hrd=none   
DEBUG2:   0010:  69 70 5f 72 61 74 69 6f  3d 31 2e 34 30 20 61 71   ip_ratio=1.40 aq  
DEBUG2:   0020:  3d 31 3a 31 2e 30 30 00  80 00 00 0c a5 65 88 84   =1:1.00......e..  
DEBUG2:   0030:  0e 38 8f 84 f7 81 a3 c8  76 1e 6d 9a af ce 89 36   .8......v.m....6  
DEBUG2:   0040:  2e 4a db b4 84 c0 be 03  7a e8 d7 40 c3 ad 13 61   .J......z..@...a  
DEBUG2:   0050:  58 ad 43 de ee 27 86 95  cf 0f 10 90 01 f2 7e 72   X.C..'........~r  
DEBUG2:   0060:  91 a6 ce e6 8f da c6 8a  a8 66 15 ce be 96 5d fa   .........f....].  
DEBUG2:   0070:  8f bc 22 f5 1a b1 80 80  14 91 f1 62 3e 42 ee 25   .."........b>B.%  
DEBUG2:   0000:  c4                                                 .                 
DEBUG2:   0000:  b9 b8 77 3b bd d9 fa c5  d1 ba a9 17 5c d7 ce b3   ..w;........\...  
DEBUG2:   0010:  57 c5 24 30 dd 13 58 19  8e 5f 8a 13 dd 87 62 ab   W.$0..X.._....b.  
DEBUG2:   0020:  cd bb d3 28 1d 74 69 57  21 10 80 64 45 09 00 45   ...(.tiW!..dE..E  
DEBUG2:   0030:  36 c7 da 7c 5a 93 17 96  01 13 46 6d 02 68 84 ff   6..|Z.....Fm.h..  
DEBUG2:   0040:  76 09 61 43 2b a5 26 78  b4 bc 54 6c 00 00 0a bf   v.aC+.&x..Tl....  
DEBUG2:   0050:  16 e0 e9 ec 55 1a 3a e0  2b 0f d1 ee e4 6d 20 58   ....U.:.+....m X  
DEBUG2:   0060:  60 5e 6e f2 e2 26 15 4b  8f f7 e7 ec 2c 76 3a ff   `^n..&.K....,v:.  
DEBUG2:   0070:  55 d1 ce 04 c3 78 86 bd  42 1b c0 72 a6 2f 8d fe   U....x..B..r./..  
DEBUG2:   0000:  c4                                                 .                 
DEBUG2:   0000:  fa 77 d8 cb fd 59 73 d0  3c f5 ed 7e f3 1d 6f 7f   .w...Ys.<..~..o.  
DEBUG2:   0010:  0a cb 00 00 03 01 e7 9a  fc ba e0 09 3a ff 1e cd   ............:...  
DEBUG2:   0020:  5d 0c 97 5c 05 e1 e1 27  91 e2 ad dd d2 0b 89 1d   ]..\...'........  
DEBUG2:   0030:  f5 f1 81 be 13 04 8f 36  b9 05 d7 9d 67 6a de 8e   .......6....gj..  
DEBUG2:   0040:  11 3b 79 cc 29 b7 16 84  3f 6a fd e7 9a 23 6d 3f   .;y.)...?j...#m?  
DEBUG2:   0050:  6b d0 06 3b 38 05 ae 3f  f8 81 e4 28 34 b6 ed 28   k..;8..?...(4..(  
DEBUG2:   0060:  eb 40 16 71 fe 84 77 4a  4d b0 8e 21 26 54 57 a1   .@.q..wJM..!&TW.  
DEBUG2:   0070:  39 d2 90 5f ef 44 f0 7a  eb 77 aa 8a 7d 01 8c 23   9.._.D.z.w..}..#  
DEBUG2:   0000:  c4                                                 .                 
DEBUG2:   0000:  fc 78 ab 37 20 8f 33 d0  84 17 9b 32 4f 48 b5 80   .x.7 .3....2OH..  
DEBUG2:   0010:  02 c0 12 01 7b 52 86 8f  99 5f 88 ef a1 96 ef 3c   ....{R..._.....<  
DEBUG2:   0020:  82 6f b9 df fc 5c d1 80  65 19 94 ac 49 c9 10 44   .o...\..e...I..D  
DEBUG2:   0030:  28 05 28 d4 88 16 26 53  ec 37 2a e0 30 9c 37 b0   (.(...&S.7*.0.7.  
DEBUG2:   0040:  54 77 39 e9 37 bb 5c ca  4a 05 bd d2 9f 17 ca 60   Tw9.7.\.J......`  
DEBUG2:   0050:  05 53 dc 04 ee 42 e6 64  fa 71 a7 bd 7d 16 d1 94   .S...B.d.q..}...  
DEBUG2:   0060:  1f 2f 8c 61 18 68 49 b7  d6 17 a5 a6 00 3e 6f 9a   ./.a.hI......>o.  
DEBUG2:   0070:  f4 0f f6 00 00 9f 6f 21  0d c1 8e e5 f9 53 a7 0d   ......o!.....S..  
DEBUG2:   0000:  c4                                                 .                 
DEBUG2:   0000:  b3 26 47 86 bc b8 3c 52  35 f0 65 67 70 1b d6 1a   .&G...<R5.egp...  
DEBUG2:   0010:  94 53 8f 34 b4 68 26 c6  85 21 0d 1b 89 97 28 35   .S.4.h&..!....(5  
DEBUG2:   0020:  20 70 69 dc 5f 05 d2 b9  9f 65 10 bf 9f 02 1e 28    pi._....e.....(  
DEBUG2:   0030:  37 6b 1a 19 e4 66 9e bf  20 f7 7b 13 20 cb 58 e1   7k...f.. .{. .X.  
DEBUG2:   0040:  38 3d 8d 84 00 5c d1 1b  c9 04 a7 b9 0d 2d 63 44   8=...\.......-cD  
DEBUG2:   0050:  13 2c 36 73 8c 5b 56 10  28 2e bc 08 70 c9 00 00   .,6s.[V.(...p...  
DEBUG2:   0060:  5a 47 91 0d 3e ac 07 9c  ef a7 d0 c6 b1 ef c5 02   ZG..>...........  
DEBUG2:   0070:  d8 b3 17 ca 3e dc 7d b2  86 1e 7b 23 fc c5 7e a4   ....>.}...{#..~.  
DEBUG2:   0000:  c4                                                 .                 
DEBUG2:   0000:  55 7b 73 a2 b9 f9 6d 6b  2a 00 c3 9d 97 46 8c 17   U{s...mk*....F..  
DEBUG2:   0010:  5f e7 ca 16 a2 d1 35 5c  0b 93 5a 25 78 52 ec 0a   _.....5\..Z%xR..  
DEBUG2:   0020:  fe 50 38 ee 3a 9a 5e 4f  43 cb dd 36 00 68 18 b7   .P8.:.^OC..6.h..  
DEBUG2:   0030:  32 b0 8c 21 6e 7d 14 04  c2 30 ee a0 76 ff 17 7e   2..!n}...0..v..~  
DEBUG2:   0040:  c6 11 bd 15 7b c5 54 e6  9c 3b 23 cc 1d 30 3c 1b   ....{.T..;#..0<.  
DEBUG2:   0050:  03 e6 40 00 00 03 01 b1  84 c9 ae ab 2b 86 b6 04   ..@.........+...  
DEBUG2:   0060:  71 b0 b6 52 0a d6 df db  74 47 a8 a4 c1 ca 06 ba   q..R....tG......  
DEBUG2:   0070:  90 8c ae fe 04 45 be 86  c3 83 2d 5b 25 f6 7b 65   .....E....-[%.{e  
DEBUG2:   0000:  c4                                                 .                 
DEBUG2:   0000:  01 82 9a 6e ae bc 80 09  20 70 c6 ba b5 4c 19 a3   ...n.... p...L..  
DEBUG2:   0010:  5b db 8a 9c aa 73 18 4c  84 b3 3f aa b8 4f 13 b7   [....s.L..?..O..  
DEBUG2:   0020:  d5 b7 80 c8 9a 5c a7 40  8d 55 40 00 08 5c c6 83   .....\.@.U@..\..  
DEBUG2:   0030:  12 cf 51 b7 ef c2 e9 a9  c9 8d 91 8f 8a 8f 3f 3c   ..Q...........?<  
DEBUG2:   0040:  47 e1 ce 6d ba e6 e6 73  46 44 3c 6c d0 6f 30 e0   G..m...sFD<l.o0.  
DEBUG2:   0050:  88 8a 8e 6a 25 d2 19 f8  68 19 95 59 f7 83 37 9e   ...j%...h..Y..7.  
DEBUG2:   0060:  5d d4 c6 e5 40 00 6e c8  57 d9 a1 54 ab 05 c3 e7   ]...@.n.W..T....  
DEBUG2:   0070:  9c d7 fd a8 ca db 10 99  76 f5 9b 5f 00 9a fb 91   ........v.._....  
DEBUG2:   0000:  c4                                                 .                 
DEBUG2:   0000:  fd a3 a8 12 cf c7 d9 2d  81 c2 be 1e 68 48 12 1c   .......-....hH..  
DEBUG2:   0010:  29 2a 82 3d 64 bf 13 e1  95 d5 8e 82 80 13 97 18   )*.=d...........  
DEBUG2:   0020:  9b 7a b6 af e4 1e c7 1a  94 6a 1c c6 1d 32 71 0d   .z.......j...2q.  
DEBUG2:   0030:  e9 fb 5f ec ae dc 61 10  d5 9a 00 00 e2 5a 5a 7d   .._...a......ZZ}  
DEBUG2:   0040:  33 7f 60 a4 ca 9d f1 e5  96 50 c5 ee e4 17 ff 0f   3.`......P......  
DEBUG2:   0050:  e9 06 53 18 75 76 4e 83  47 f5 73 a2 90 68 ec 22   ..S.uvN.G.s..h."  
DEBUG2:   0060:  85 6e aa 08 dc 8d 2e 37  ea 8d d5 48 9a d6 33 01   .n.....7...H..3.  
DEBUG2:   0070:  88 c0 56 18 69 50 01 4e  09 75 80 69 9b 66 3d 16   ..V.iP.N.u.i.f=.  
DEBUG2:   0000:  c4                                                 .                 
DEBUG2:   0000:  87 f5 e1 28 c1 ab fa 3e  ad cb 62 be 6f ee 41 5c   ...(...>..b.o.A\  
DEBUG2:   0010:  07 58 2c a1 d5 fa e6 f1  30 20 b3 07 3a 73 68 1c   .X,.....0 ..:sh.  
DEBUG2:   0020:  60 42 35 d3 b8 00 9b 46  41 5c e3 e9 6b 9e fb 17   `B5....FA\..k...  
DEBUG2:   0030:  09 ba b1 60 c2 84 15 c9  01 c3 94 4c fd 0a a1 eb   ...`.......L....  
DEBUG2:   0040:  de 3e f9 f3 a7 91 da bd  b9 63 5f 30 0d 77 8c bf   .>.......c_0.w..  
DEBUG2:   0050:  43 ae 07 2b 32 a0 85 6d  a7 ec 0d 62 a2 cc ec 76   C..+2..m...b...v  
DEBUG2:   0060:  79 11 0e 4f ed c7 4e 2b  3c 15 76 a0 2b 52 91 75   y..O..N+<.v.+R.u  
DEBUG2:   0070:  73 80 0b 8c 6d b6 d4 b3  44 a0 97 4d 63 68 5f 6f   s...m...D..Mch_o  
DEBUG2:   0000:  c4                                                 .                 
DEBUG2:   0000:  fe 27 3c be a9 73 6e 4a  16 2f 80 94 3b 3a 86 e7   .'<..snJ./..;:..  
DEBUG2:   0010:  97 c7 be 5e b3 74 25 1f  5d b2 5b 65 28 78 50 eb   ...^.t%.].[e(xP.  
DEBUG2:   0020:  4c 50 c9 ee 7b 20 44 fe  7e d3 d5 b2 81 6b 70 47   LP..{ D.~....kpG  
DEBUG2:   0030:  2c 54 1d aa ba 03 a3 c9  09 30 3e 8a fd 3c 3b 82   ,T.......0>..<;.  
DEBUG2:   0040:  32 e8 be 72 05 cd 69 10  68 70 ff c0 95 0d 58 8e   2..r..i.hp....X.  
DEBUG2:   0050:  a0 ca a4 07 16 6f 28 29  ef be 35 33 22 79 0b 3c   .....o()..53"y.<  
DEBUG2:   0060:  71 37 22 a7 fc 75 e4 50  d2 ec 33 09 66 21 f6 ef   q7"..u.P..3.f!..  
DEBUG2:   0070:  bb 71 c8 46 1d 3b f3 85  d2 ea 93 a8 f4 7b aa 03   .q.F.;.......{..  
DEBUG2:   0000:  c4                                                 .                 
DEBUG2:   0000:  0f 76 fd 01 3d 00 0f 0b  79 0f 7d f7 27 8a 71 5d   .v..=...y.}.'.q]  
DEBUG2:   0010:  2c e7 b1 7b 96 da f2 27  22 00 00 e4 b9 46 46 14   ,..{...'"....FF.  
DEBUG2:   0020:  7b 0f bc 3d 71 27 f8 45  0f 12 74 e1 46 43 63 59   {..=q'.E..t.FCcY  
DEBUG2:   0030:  e3 89 a9 f4 fc ad 1f d6  5d f8 6a 55 e4 8a 74 93   ........].jU..t.  
DEBUG2:   0040:  4c 71 2b 4b a4 34 ff d6  89 6f 9a f0 5f 5f 9f e5   Lq+K.4...o..__..  
DEBUG2:   0050:  2f a5 14 03 23 5e 79 ed  49 99 68 14 50 a4 31 d2   /...#^y.I.h.P.1.  
DEBUG2:   0060:  15 c0 2b f1 18 a8 9b 39  9e af 06 4f 27 63 c9 78   ..+....9...O'c.x  
DEBUG2:   0070:  8d 34 79 f9 31 1e c3 2b  3a c2 f2 8b a6 0e 4d aa   .4y.1..+:.....M.  
DEBUG2:   0000:  c4                                                 .                 
DEBUG2:   0000:  dd e4 86 17 e0 70 e2 8d  e3 02 d8 71 23 16 8f b8   .....p.....q#...  
DEBUG2:   0010:  39 79 3c e0 de a2 c9 f7  40 27 cb d5 b7 c8 04 38   9y<.....@'.....8  
DEBUG2:   0020:  f3 d4 a3 e9 57 70 b1 37  26 fc c8 17 d4 ad e5 1d   ....Wp.7&.......  
DEBUG2:   0030:  20 1c 90 1f 82 80 11 6c  7f 31 81 da 4d 4a 73 dc    ......l.1..MJs.  
DEBUG2:   0040:  3c 6d 88 d5 fe 78 6f a2  65 20 43 c5 92 87 98 d0   <m...xo.e C.....  
DEBUG2:   0050:  ff 84 04 4c 6c 50 49 45  81 dc a9 14 c4 94 7d c7   ...LlPIE......}.  
DEBUG2:   0060:  9c e7 fb 2f fc 39 4b 3b  06 7e 22 a8 7d f6 26 98   .../.9K;.~".}.&.  
DEBUG2:   0070:  9b ca 0b 79 30 70 cc cf  dd 09 64 c3 02 27 7d 5a   ...y0p....d..'}Z  
DEBUG2:   0000:  c4                                                 .                 
DEBUG2:   0000:  c9 58 b4 a1 68 f6 1c 50  04 a3 88 11 9e 00 75 16   .X..h..P......u.  
DEBUG2:   0010:  4a 12 ae 15 0d 66 40 46  1f 7f 63 48 08 c5 77 a9   J....f@F..cH..w.  
DEBUG2:   0020:  c6 15 b9 1d 13 44 68 11  a9 41 53 e3 a6 9f b1 30   .....Dh..AS....0  
DEBUG2:   0030:  20 2a 80 ef e6 b2 c8 f5  99 9c d3 f6 85 1c 45 4a    *............EJ  
DEBUG2:   0040:  50 6e 29 c7 5d 72 8e 6f  d7 36 24 85 af 8e 77 73   Pn).]r.o.6$...ws  
DEBUG2:   0050:  86 04 98 00 0e 13 c6 7c  61 40 d5 2a 23 5d 88 52   .......|a@.*#].R  
DEBUG2:   0060:  4b 06 06 cf e1 c1 ce a4  84 83 ef 2d 9c 99 89 b5   K..........-....  
DEBUG2:   0070:  5c 83 11 ee 29 c8 6c 61  44 9c 20 95 73 18 27 2a   \...).laD. .s.'*  
DEBUG2:   0000:  c4                                                 .                 
DEBUG2:   0000:  1b b0 fb 03 54 a5 0e bf  fa 37 01 a9 aa 0c c8 4e   ....T....7.....N  
DEBUG2:   0010:  d4 5b f8 ae 8e 70 45 82  83 c9 d4 b9 fe 7c ee a9   .[...pE......|..  
DEBUG2:   0020:  d6 5d 72 46 62 7f 23 95  62 0b 46 91 6d 97 38 bf   .]rFb.#.b.F.m.8.  
DEBUG2:   0030:  e9 96 1f 65 d3 e5 ff 76  01 af cb 28 28 a2 91 d1   ...e...v...((...  
DEBUG2:   0040:  b3 13 32 80 b1 9e 12 e2  fe c0 aa 60 06 57 c6 a8   ..2........`.W..  
DEBUG2:   0050:  01 56 c3 d5 09 a1 c0 af  07 c5 59 50 82 16 ae e7   .V........YP....  
DEBUG2:   0060:  96 39 7e fe 5b c0 24 10  60 fa 6f e3 c9 24 77 30   .9~.[.$.`.o..$w0  
DEBUG2:   0070:  5f ae 51 69 dc 86 37 9a  00 77 ce ba c1 c1 14 22   _.Qi..7..w....."  
DEBUG2:   0000:  c4                                                 .                 
DEBUG2:   0000:  20 fb 9e e5 63 dd 65 0d  8d 7a 3d 21 99 5f 59 4e    ...c.e..z=!._YN  
DEBUG2:   0010:  96 e9 f7 d7 01 ac e6 0e  ee 94 68 3c e1 81 56 9f   ..........h<..V.  
DEBUG2:   0020:  f8 57 89 fa bd d5 5b af  47 ef 03 d5 4d 60 32 45   .W....[.G...M`2E  
DEBUG2:   0030:  68 c5 21 d9 f5 14 b2 ec  cc 46 30 e6 0b 4d c0 51   h.!......F0..M.Q  
DEBUG2:   0040:  58 e3 ba 41 f8 f9 2a 4e  b1 0e 05 b5 d3 aa ec bf   X..A..*N........  
DEBUG2:   0050:  aa 55 54 fb 0b d2 36 44  9b 65 2b 5f c2 8d 1e dd   .UT...6D.e+_....  
DEBUG2:   0060:  b8 9a 55 16 ec ca f8 1d  78 29 30 d0 d5 f5 ae 18   ..U.....x)0.....  
DEBUG2:   0070:  88 77 6f aa 68 ba f5 22  81 2b f7 2c fb 0e 97 98   .wo.h..".+.,....  
DEBUG2:   0000:  c4                                                 .                 
DEBUG2:   0000:  02 cf cc ab 0c 23 b2 fb  40 f7 1a be 72 f8 69 6c   .....#..@...r.il  
DEBUG2:   0010:  e1 01 21 0a 8d 05 8e 7c  03 20 6b 99 0e e8 b7 26   ..!....|. k....&  
DEBUG2:   0020:  c8 1b 94 ff 95 44 72 3f  86 1e bd a5 99 87 0f d1   .....Dr?........  
DEBUG2:   0030:  50 26 6d be 53 da ba 81  4d 53 dd d3 e6 00 ae 75   P&m.S...MS.....u  
DEBUG2:   0040:  be 03 28 2d 99 83 6f f0  2b d4 66 ca df 96 00 28   ..(-..o.+.f....(  
DEBUG2:   0050:  80 97 d6 67 50 8f 47 f3  73 85 60 f9 b3 9c 5c aa   ...gP.G.s.`...\.  
DEBUG2:   0060:  e7 78 63 0a 72 3e da e3  4a b8 6f e7 0b e8 da be   .xc.r>..J.o.....  
DEBUG2:   0070:  27 21 13 43 6b f7 2d 52  fc 9b 55 5d 82 4f d1 ac   '!.Ck.-R..U].O..  
DEBUG2:   0000:  c4                                                 .                 
DEBUG2:   0000:  6e c7 52 09 cd 3c 22 77  cf 93 04 c4 d4 3a 84 a2   n.R..<"w.....:..  
DEBUG2:   0010:  62 40 a9 ac 81 eb 0a 22  2e fa c3 8e 28 61 21 60   b@....."....(a!`  
DEBUG2:   0020:  ff 80 01 0a d9 87 7e c2  a7 1c 6e 04 ff 7f aa fa   ......~...n.....  
DEBUG2:   0030:  9e c9 b2 9e 82 52 ec 93  20 fb 70 f6 6d c5 4e 45   .....R.. .p.m.NE  
DEBUG2:   0040:  0e 6f 2a 14 79 46 41 85  d6 32 77 25 28 fb fb 28   .o*.yFA..2w%(..(  
DEBUG2:   0050:  7a 48 c2 b0 d2 5f cf 6f  a7 1f 46 75 ff 29 7a 10   zH..._.o..Fu.)z.  
DEBUG2:   0060:  33 dc 67 b5 25 d5 00 27  a9 7f f1 7f bf cf 63 e4   3.g.%..'......c.  
DEBUG2:   0070:  74 d8 20 b9 a0 3e ab 31  f5 19 e0 10 a3 45 07 2c   t. ..>.1.....E.,  
DEBUG2:   0000:  c4                                                 .                 
DEBUG2:   0000:  e7 ae 51 f6 fc d0 01 13  59 a9 25 59 35 0b 5c 85   ..Q.....Y.%Y5.\.  
DEBUG2:   0010:  37 67 4f 85 c7 0f f4 ae  26 8b 61 d6 a6 cb ad 51   7gO.....&.a....Q  
DEBUG2:   0020:  62 2e 41 4b de aa 9b bc  0d c6 49 78 45 9d f9 e4   b.AK......IxE...  
DEBUG2:   0030:  68 fe 39 41 ef 2a 83 4e  e1 cd cf ba c4 64 4c 62   h.9A.*.N.....dLb  
DEBUG2:   0040:  1f 53 1f 25 c1 f5 53 af  41 14 23 ee 51 24 33 98   .S.%..S.A.#.Q$3.  
DEBUG2:   0050:  52 31 02 a8 e8 66 5c f1  1f f9 d7 1d 26 e6 86 c3   R1...f\.....&...  
DEBUG2:   0060:  50 3d 21 81 9f 46 f5 dd  33 51 08 4a 7c ad c9 65   P=!..F..3Q.J|..e  
DEBUG2:   0070:  6f 61 e7 e0 95 e1 1d 2e  3c 32 35 b2 37 70 62 b4   oa......<25.7pb.  
DEBUG2:   0000:  c4                                                 .                 
DEBUG2:   0000:  db c2 be 1e 66 00 0c 44  a4 37 05 fe fd 9e c9 93   ....f..D.7......  
DEBUG2:   0010:  2d 3b 79 c2 86 a9 05 1b  e9 c8 a9 65 52 d9 1b dc   -;y........eR...  
DEBUG2:   0020:  40 e9 a1 48 eb cd f6 f9  b5 95 11 be 68 47 69 06   @..H........hGi.  
DEBUG2:   0030:  9e 0d cd 81 a3 49 13 3b  23 af f4 34 24 76 23 b2   .....I.;#..4$v#.  
DEBUG2:   0040:  c7 a9 df d8 18 de ee 0d  47 58 28 ac 3c 69 80 6b   ........GX(.<i.k  
DEBUG2:   0050:  bb a8 c2 c9 a4 cb 31 27  21 66 f5 93 38 b8 ad 27   ......1'!f..8..'  
DEBUG2:   0060:  b7 69 13 0a 9f 2e 10 97  12 99 d1 8f 0c 30 1e c1   .i...........0..  
DEBUG2:   0070:  24 e6 4b 6a 73 5a 21 81  70 cd a4 79 71 4b 38 8e   $.KjsZ!.p..yqK8.  
DEBUG2:   0000:  c4                                                 .                 
DEBUG2:   0000:  0f 65 d7 d6 f2 36 51 d5  b5 ba 70 da 7c aa 34 50   .e...6Q...p.|.4P  
DEBUG2:   0010:  57 d7 d3 0d e8 c8 b8 eb  32 9f 37 88 6a 16 5b f3   W.......2.7.j.[.  
DEBUG2:   0020:  18 c3 b9 c9 9a 48 91 5b  5f 50 a3 98 eb 7f 71 ed   .....H.[_P....q.  
DEBUG2:   0030:  43 a6 82 bf 7c a3 30 7c  f0 42 d1 32 a5 0c b7 72   C...|.0|.B.2...r  
DEBUG2:   0040:  cd ac 6e 8b 6d 8d 0a 98  6f 46 19 29 cb d9 32 66   ..n.m...oF.)..2f  
DEBUG2:   0050:  a4 c4 f9 2b 9a 0f a1 c0  17 8c 22 87 04 ae ab 4f   ...+......"....O  
DEBUG2:   0060:  e3 42 37 c3 8f 31 ae 32  e3 f8 41 99 80 00 1c 86   .B7..1.2..A.....  
DEBUG2:   0070:  e8 dd 04 6a 10 3b 64 12  18 2b 3a 80 45 66 3f 98   ...j.;d..+:.Ef?.  
DEBUG2:   0000:  c4                                                 .                 
DEBUG2:   0000:  e9 9b b3 06 6a 5c 42 e9  bd 4c 54 94 3e 52 15 16   ....j\B..LT.>R..  
DEBUG2:   0010:  cb f6 fa 79 61 ac 2d 11  e7 86 ce 5f a4 05 11 da   ...ya.-...._....  
DEBUG2:   0020:  39 98 80 58 ea a8 97 90  de dc 8a e6 bf e3 cf be   9..X............  
DEBUG2:   0030:  d4 22 b1 b2 30 65 3b 0f  92 81 d4 06 94 95 2c c3   ."..0e;.......,.  
DEBUG2:   0040:  22 4c eb e3 dd b7 0a 9d  f2 a5 45 8f 17 30 83 19   "L........E..0..  
DEBUG2:   0050:  62 66 c7 b7 8a 7f 25 64  db cb 12 84 78 0c 90 0e   bf....%d....x...  
DEBUG2:   0060:  c9 15 09 2b 3c 91 03 f7  e5 2c e9 85 6a 17 9f 98   ...+<....,..j...  
DEBUG2:   0070:  ac 39 4d 39 1a f0 25 77  75 aa 85 4e e7 4b 99 e5   .9M9..%wu..N.K..  
DEBUG2:   0000:  c4                                                 .                 
DEBUG2:   0000:  5d 8d 26 7f 9b 7c 17 10  41 01 ca 1b 37 fd 85 0b   ].&..|..A...7...  
DEBUG2:   0010:  2c 41 9a a2 d0 23 55 21  b8 0b f9 14 6b 72 26 76   ,A...#U!....kr&v  
DEBUG2:   0020:  f2 42 bd f4 2a 76 80 7d  f9 b2 f8 16 62 6e 78 af   .B..*v.}....bnx.  
DEBUG2:   0030:  65 93 a8 95 73 8c 7c dc  11 18 12 42 40 98 c9 f8   e...s.|....B@...  
DEBUG2:   0040:  6a fa 03 f8 2c 00 18 9d  e5 30 d4 36 c5 16 a2 0c   j...,....0.6....  
DEBUG2:   0050:  51 d1 05 81 bb 33 e0 8a  1f 80 ad c2 39 d6 6e 0a   Q....3......9.n.  
DEBUG2:   0060:  ec db e0 ec 0e 89 a6 2f  bb 52 a1 52 bf ee 24 0e   ......./.R.R..$.  
DEBUG2:   0070:  63 40 71 1c 32 e3 12 17  f7 a9 da 1d 36 a6 be 3b   c@q.2.......6..;  
DEBUG2:   0000:  c4                                                 .                 
DEBUG2:   0000:  1e a7 e8 fe 24 6b db 55  77 29 9a c8 26 a8 5e ad   ....$k.Uw)..&.^.  
DEBUG2:   0010:  2d 31 72 f3 dd 13 64 1c  67 b8 ec 9b d2 ee 1a c2   -1r...d.g.......  
DEBUG2:   0020:  fc cf 8e d4 60 6c 9d ae  5d 33 c8 6a 5c 5e ad cd   ....`l..]3.j\^..  
DEBUG2:   0030:  a8 46 3d e2 b1 00 0b b5  14 e0 b8 0f c9 00 bb be   .F=.............  
DEBUG2:   0040:  d7 5a 86 f6 f8 86 36 a7  93 76 b5 09 a9 dd 93 cb   .Z....6..v......  
DEBUG2:   0050:  cd 15 3e 04 4c 9a 5b 82  8e 30 89 17 c8 91 33 0b   ..>.L.[..0....3.  
DEBUG2:   0060:  65 8f e0 52 d2 fe 1c 95  85 88 cc e1 a5 34 f8 01   e..R.........4..  
DEBUG2:   0070:  13 38 82 66 cf 45 84 ad  e7 48 06 d1 a9 28 da 5d   .8.f.E...H...(.]  
DEBUG2:   0000:  c4                                                 .                 
DEBUG2:   0000:  c4 bc c5 1c 2b 5c 8f 47  96 a2 0d 66 9c e7 40 00   ....+\.G...f..@.  
DEBUG2:   0010:  11 8c cc 28 16 a6 c7 57  54 b9 5d 84 4e 5a b6 2c   ...(...WT.].NZ.,  
DEBUG2:   0020:  ad 67 f5 37 e8 66 56 d9  cf ba 62 11 6d 88 1d 40   .g.7.fV...b.m..@  
DEBUG2:   0030:  33 1e f4 90 68 4a f6 8e  db 03 89 73 08 40 dd ae   3...hJ.....s.@..  
DEBUG2:   0040:  b4 d9 b1 49 cf 4c 9e bd  ef 1c 11 ad 77 ef da b0   ...I.L......w...  
DEBUG2:   0050:  64 8e 5a f5 38 fa 6f 2b  c7 bb 8b 18 9a 4b 41 4e   d.Z.8.o+.....KAN  
DEBUG2:   0060:  a1 9b 59 62 95 75 00 8b  1a 89 0c 5c 7e 2c 31 7a   ..Yb.u.....\~,1z  
DEBUG2:   0070:  1e e0 d2 a6 f0 d7 2d 0c  8d 92 ce 85 90 90 99 65   ......-........e  
DEBUG2:   0000:  c4                                                 .                 
DEBUG2:   0000:  ee f5 86 19 8d e0 e0 f0  db 05 76 b3 88 66 c4 7e   ..........v..f.~  
DEBUG2:   0010:  af 77 d0 06 8d e0 74 80  47 6e 15 c9 35 2b 03 38   .w....t.Gn..5+.8  
DEBUG2:   0020:  8f 60 89 18 3e 15 41 46  ea f9 0a 03 a4 96 fc 1a   .`..>.AF........  
DEBUG2:   0030:  a4 d1 56 12 02 b8 15 3c  ce 61 fa a7 1b 59 f8 22   ..V....<.a...Y."  
DEBUG2:   0040:  52 25 16 66 a6 1e 53 f1  ba 35 a3 91 fa d1 bf 78   R%.f..S..5.....x  
DEBUG2:   0050:  7c 61 44 f3 d1 48 b2 a5  c1 d8 41 b9 bd a2 94 bc   |aD..H....A.....  
DEBUG2:   0060:  6a ab 5f 2a 2e 14 bb ae  90 ad 44 06 55 7a a7 a0   j._*......D.Uz..  
DEBUG2:   0070:  3f c0 f4 32 d1 eb 4f 63  e4 8d 1b f8 ce 91 87 a8   ?..2..Oc........  
DEBUG2:   0000:  c4                                                 .                 
DEBUG2:   0000:  61 fd 41 a7 49 2a 7c 11  88 ee a1 71 db 92 33 d6   a.A.I*|....q..3.  
DEBUG2:   0010:  9d 27 9a a9 8f 7f 80 4a  3a a5 cf 91 21 ac 78 38   .'.....J:...!.x8  
DEBUG2:   0020:  39 6c bd 9e b7 90 5e 85  31 87 27 2c 21 5c 20 c3   9l....^.1.',!\ .  
DEBUG2:   0030:  c3 d8 29 6c b5 8c 1a fa  48 e5 62 46 ea 4b a6 f0   ..)l....H.bF.K..  
DEBUG2:   0040:  21 8f 3a dc 97 fc 41 40  5e 3b 01 9b c0 12 5d 68   !.:...A@^;....]h  
DEBUG2:   0050:  fc b9 00 00 0e 62 65 00  39 88 88 40 e3 88 f4 b7   .....be.9..@....  
DEBUG2:   0060:  2a f0 81 28 94 8f 51 e4  f7 7e 15 e4 5e 2d c6 fb   *..(..Q..~..^-..  
DEBUG2:   0070:  b2 19 67 b4 17 64 dd 3e  38 19 75 4a 86 d9 d2 9a   ..g..d.>8.uJ....  
DEBUG2:   0000:  c4                                                 .                 
DEBUG2:   0000:  ed 00 61 3d ca d7 06 e9  7d bc e7 a4 ba c4 f9 f3   ..a=....}.......  
DEBUG2:   0010:  22 f7 6f e3 39 3f 51 e9  4d df 9a 5c 23 cb af 3d   ".o.9?Q.M..\#..=  
DEBUG2:   0020:  c6 80 62 f8 10 06 70 2b  6d a5 da 4a c8 6f 68 29   ..b...p+m..J.oh)  
DEBUG2:   0030:  f6 30 d5 9c fe ef 18 60  d0 43 50 e7 7d a2 4f 41   .0.....`.CP.}.OA  
DEBUG2:   0040:  7b b9 55 22 d1 ca 66 c9  ec 40 af 7c c0 87 43 1e   {.U"..f..@.|..C.  
DEBUG2:   0050:  ee 05 37 87 64 07 f2 6c  46 a8 9e 7b 07 4e 0e 0f   ..7.d..lF..{.N..  
DEBUG2:   0060:  73 63 09 94 a1 a9 81 1c  56 28 74 8c ba 44 95 77   sc......V(t..D.w  
DEBUG2:   0070:  24 c6 b0 d1 bd 52 d3 53  de 3e 9b 24 ec c8 c1 b8   $....R.S.>.$....  
DEBUG2:   0000:  c4                                                 .                 
DEBUG2:   0000:  c4 fb 13 38 3e f4 51 a7  71 30 01 c3 9b 18 2c 96   ...8>.Q.q0....,.  
DEBUG2:   0010:  0c 91 98 63 e0 da 5f 4a  7b 91 2d 29 a6 4b 5a 12   ...c.._J{.-).KZ.  
DEBUG2:   0020:  df a3 d8 cf 63 73 31 08  a5 dc 58 ef 0f 5b 99 ad   ....cs1...X..[..  
DEBUG2:   0030:  0c 29 02 d1 4d 72 8e d7  a8 54 63 b0 6c 91 f0 9b   .)..Mr...Tc.l...  
DEBUG2:   0040:  28 5d 78 b5 e3 9e d2 f1  6c 2b 50 fa 89 35 f9 e3   (]x.....l+P..5..  
DEBUG2:   0050:  0f f6 90 ce 70 0f c4 21  bc d4 59 0a 50 38 29 9c   ....p..!..Y.P8).  
DEBUG2:   0060:  03 01 32 a0 32 54 3b 17  01 29 02 53 d5 94 48 a4   ..2.2T;..).S..H.  
DEBUG2:   0070:  61 96 b4 de bc 4d bd fd  09 ac 27 52 3c dc 73 a0   a....M....'R<.s.  
DEBUG2:   0000:  c4                                                 .                 
DEBUG2:   0000:  d1 34 e6 17 46 1e 94 08  e9 24 1f a8 d0 07 c5 7b   .4..F....$.....{  
DEBUG2:   0010:  61 4f c7 d8 94 59 23 24  f7 8d 4e e4 94 b5 bd e2   aO...Y#$..N.....  
DEBUG2:   0020:  a2 c5 ad 86 a7 16 26 ae  4c 18 53 18 c9 ee cc 51   ......&.L.S....Q  
DEBUG2:   0030:  d6 6d 5e 67 68 09 cb 78  27 3f 93 a7 7f 38 cd e8   .m^gh..x'?...8..  
DEBUG2:   0040:  c2 2d 02 5c 4b d2 d8 15  d1 23 d1 d1 41 04 d6 0b   .-.\K....#..A...  
DEBUG2:   0050:  7e d0 a7 81 8e be 32 57  b8 e2 df 7e b8 83 cb d5   ~.....2W...~....  
DEBUG2:   0060:  6a 1e f3 79 61 06 0c 8d  31 e8 d0 08 08 a5 a9 af   j..ya...1.......  
DEBUG2:   0070:  8e d6 a2 63 9e c4 19 be  5f ef 32 b9 61 7a b3 1f   ...c...._.2.az..  
DEBUG2:   0000:  c4                                                 .                 
DEBUG2:   0000:  3a 5a 48 62 44 ab e7 85  bb 07 f6 b0 e5 e8 2e 6e   :ZHbD..........n  
DEBUG2:   0010:  be 30 72 4e 37 06 31 a9  fc 65 07 be d2 61 07 4e   .0rN7.1..e...a.N  
DEBUG2:   0020:  34 4a ad 5b a2 69 8d be  89 04 9a d6 b0 e5 29 fd   4J.[.i........).  
DEBUG2:   0030:  35 ed 41 26 09 60 1d 0f  03 64 42 b2 1b 85 c9 4b   5.A&.`...dB....K  
DEBUG2:   0040:  2b 77 bf e4 cc fe 12 6c  7d e6 91 18 88 7a da 77   +w.....l}....z.w  
DEBUG2:   0050:  17 82 c3 76 d3 9b c2 2c  5d 66 7d cc 4d e6 fe 3e   ...v...,]f}.M..>  
DEBUG2:   0060:  16 7c 0c 42 e2 1a 20 8f  38 95 16 62 61 9a 53 4f   .|.B.. .8..ba.SO  
DEBUG2:   0070:  79 1f c8 ae 2e 99 f5 62  46 8b 78 cf 52 c2 20 06   y......bF.x.R. .  
DEBUG2:   0000:  c4                                                 .                 
DEBUG2:   0000:  9c 6a ed 46 b5 a0 77 19  8e 75 f7 8a ad 22 27 97   .j.F..w..u..."'.  
DEBUG2:   0010:  94 dd 17 71 b4 11 0c fe  d0 1c 59 7d 39 dd a4 8e   ...q......Y}9...  
DEBUG2:   0020:  a8 7a 57 dd 9a 96 69 08  e6 16 14 98 89 ba 55 82   .zW...i.......U.  
DEBUG2:   0030:  2d 76 41 1e 5f 93 2b 81  b3 94 a2 e0 ab 52 9e 1d   -vA._.+......R..  
DEBUG2:   0040:  c7 f0 ac b0 82 7b c9 84  e9 5d 49 58 1e 09 cc 02   .....{...]IX....  
DEBUG2:   0050:  22 69 5a 76 e3 19 8c 5f  4d ee c0 53 d6 bf 90 93   "iZv..._M..S....  
DEBUG2:   0060:  61 ad c0 be a6 5a a7 62  ca 40 f1 80 da 72 7d c3   a....Z.b.@...r}.  
DEBUG2:   0070:  63 0b 45 3d b2 d5 99 91  59 09 5e d3 dc 1f 77 bc   c.E=....Y.^...w.  
DEBUG2:   0000:  c4                                                 .                 
DEBUG2:   0000:  e8 76 91 a6 52 20 d3 84  ca af 0b 78 f4 5c 2f 6b   .v..R .....x.\/k  
DEBUG2:   0010:  da 0f d5 b2 11 51 ba fc  8a d7 06 5f df d5 5b e0   .....Q....._..[.  
DEBUG2:   0020:  fc 76 c3 b7 c0 c9 87 d3  45 1f b1 81 8d f7 b9 70   .v......E......p  
DEBUG2:   0030:  ba 7d c9 8e da e5 64 a9  5a b9 aa 75 b0 71 11 e2   .}....d.Z..u.q..  
DEBUG2:   0040:  e4 fd 1b 2e d6 ab 2a 55  e4 6c a0 68 02 cd 0b 9b   ......*U.l.h....  
DEBUG2:   0050:  43 a3 ec 25 df e7 73 20  1c 70 78 5d 37 69 73 d5   C..%..s .px]7is.  
DEBUG2:   0060:  d2 70 76 dd 62 0d 4f 33  cd ef db 70 5d d7 b3 e3   .pv.b.O3...p]...  
DEBUG2:   0070:  09 f6 a9 30 f9 82 dc 00  25 07 f9 85 bc bf ec d2   ...0....%.......  
DEBUG2:   0000:  c4                                                 .                 
DEBUG2:   0000:  c2 44 9b b2 36 2e c7 52  61 92 a5 d0 30 9c 37 11   .D..6..Ra...0.7.  
DEBUG2:   0010:  99 28 e9 2c 69 89 2f 6e  c3 5c 6f ef 98 6e 12 31   .(.,i./n.\o..n.1  
DEBUG2:   0020:  83 fb 5c e3 d2 3c 28 08  45 a6 f6 e9 91 9e 8e 81   ..\..<(.E.......  
DEBUG2:   0030:  14 cb 56 d1 0b 7f f4 28  63 2c 7a 6f 31 ea 02 41   ..V....(c,zo1..A  
DEBUG2:   0040:  43 8f c7 99 e3 25 dd 41  b7 2e 32 65 03 9f f9 42   C....%.A..2e...B  
DEBUG2:   0050:  82 5c 78 10 5c 85 13 2d  0b 57 6d a5 73 2b a3 50   .\x.\..-.Wm.s+.P  
DEBUG2:   0060:  19 ce 9a f6 04 e3 e9 c6  30 5d ba 5d 18 89 9a 3e   ........0].]...>  
DEBUG2:   0070:  b4 23 72 94 82 a1 e5 32  42 c7 22 a7 bb d6 99 a4   .#r....2B.".....  
DEBUG2:   0000:  c4                                                 .                 
DEBUG2:   0000:  61 05 5b e8 be 76 3a 4d  db 85 6b c3 1e 3f f5 01   a.[..v:M..k..?..  
DEBUG2:   0010:  c1 78 db 74 9b e9 d1 08  48 f8 87 ab fd f9 27 94   .x.t....H.....'.  
DEBUG2:   0020:  48 75 f0 ef 2d a7 7e 1d  6d d2 fe 93 49 4f 6f 2c   Hu..-.~.m...IOo,  
DEBUG2:   0030:  5e 4c c8 5a 18 20 49 85  a2 ce be 6e f1 cd 8f 4b   ^L.Z. I....n...K  
DEBUG2:   0040:  b2 61 12 03 a6 37 9b 77  f7 ae 61 c3 68 6a b2 43   .a...7.w..a.hj.C  
DEBUG2:   0050:  00 00 28 00 3d 58 ce c7  0c 07 24 17 7b 2b 5d d5   ..(.=X....$.{+].  
DEBUG2:   0060:  d2 e0 6f 03 e3 17 ce 8d  23 d8 3b b8 7e ab d3 71   ..o.....#.;.~..q  
DEBUG2:   0070:  37 6c a7 07 ab af 30 f7  40 bc 28 d3 12 cd ea 4c   7l....0.@.(....L  
DEBUG2:   0000:  c4                                                 .                 
DEBUG2:   0000:  5b 8c 48 97 6a 70 25 97  58 dd b5 df 3c 0a 32 87   [.H.jp%.X...<.2.  
DEBUG2:   0010:  03 7a c1 50 f7 b6 c5 88  2c c9 f5 30 f9 4e eb 55   .z.P....,..0.N.U  
DEBUG2:   0020:  80 67 de 61 17 ae 2f 6b  68 32 03 e7 d3 45 3c d1   .g.a../kh2...E<.  
DEBUG2:   0030:  38 55 e9 2f 04 fb 1c b7  90 21 93 78 bd 43 a3 a6   8U./.....!.x.C..  
DEBUG2:   0040:  d1 03 5e a4 a8 7e 52 47  a7 f6 4b 3e a4 02 2d 89   ..^..~RG..K>..-.  
DEBUG2:   0050:  7a 59 b6 6c bf 50 3e 88  f3 9c cd 73 ec e9 4f 77   zY.l.P>....s..Ow  
DEBUG2:   0060:  2a e0 b3 37 60 0c 52 6f  db c1 45 02 17 b4 ce f4   *..7`.Ro..E.....  
DEBUG2:   0070:  55 06 bd d5 54 d9 82 ff  c2 f9 b8 e7 25 6d c9 3b   U...T.......%m.;  
DEBUG2:   0000:  c4                                                 .                 
DEBUG2:   0000:  3c 8f 1c a7 43 10 61 4b  d6 82 6a 72 b3 37 5e 21   <...C.aK..jr.7^!  
DEBUG2:   0010:  9e 1e 60 d5 10 80 90 41  ab 3e 9d d7 08 d3 64 d6   ..`....A.>....d.  
DEBUG2:   0020:  fe e5 b4 20 e5 64 e0 d2  2b 93 fc 02 4e 6e df 1d   ... .d..+...Nn..  
DEBUG2:   0030:  d2 8e 93 c1 43 45 eb 11  0d a2 8b b8 c0 04 c3 94   ....CE..........  
DEBUG2:   0040:  2a aa 10 dd e5 d4 0e 02  2a c0 87 1a c5 30 dd f6   *.......*....0..  
DEBUG2:   0050:  d6 36 a3 d4 53 1a b2 4b  28 8e aa 35 6f d1 94 a5   .6..S..K(..5o...  
DEBUG2:   0060:  e9 3c 75 49 62 0b cf 43  58 dd 3d 0d 63 96 ac f7   .<uIb..CX.=.c...  
DEBUG2:   0070:  59 54 cd ac 22 26 e5 9c  75 99 21 35 b6 67 b2 4e   YT.."&..u.!5.g.N  
DEBUG2:   0000:  c4                                                 .                 
DEBUG2:   0000:  cc 14 a9 83 d0 30 78 ff  0e 3a 9f 02 dd c2 7f 99   .....0x..:......  
DEBUG2:   0010:  d9 d3 13 99 3e 15 44 ce  d1 81 5a b8 fe be 6b 95   ....>.D...Z...k.  
DEBUG2:   0020:  cf 02 07 80 74 4d 73 32  e6 9c 22 9c 37 cc 5a de   ....tMs2..".7.Z.  
DEBUG2:   0030:  de 54 b7 c4 30 46 82 d4  8e 3e c2 bd 4f a9 e5 85   .T..0F...>..O...  
DEBUG2:   0040:  e3 00 de 54 d2 b5 14 4a  e8 04 7b 62 57 4b 2d 00   ...T...J..{bWK-.  
DEBUG2:   0050:  35 a5 49 91 9b 0c 43 af  de 3e a2 6b 84 f1 c4 bf   5.I...C..>.k....  
DEBUG2:   0060:  42 f2 4b a0 9c 62 4f 7f  26 e7 45 ec f5 9e af aa   B.K..bO.&.E.....  
DEBUG2:   0070:  93 af 46 e5 bf b7 cf db  5c b9 7a b5 f5 64 42 80   ..F.....\.z..dB.  
DEBUG2:   0000:  c4                                                 .                 
DEBUG2:   0000:  b2 e7 4a 94 76 53 30 f9  b9 c3 50 7b 19 b0 19 1e   ..J.vS0...P{....  
DEBUG2:   0010:  bf 3e 3f d4 cb 9b fe 61  14 3d 3a 2a 83 8a df bb   .>?....a.=:*....  
DEBUG2:   0020:  8b c1 1f 51 e5 5f 6d 01  e1 ec 54 c5 5b c1 ca 10   ...Q._m...T.[...  
DEBUG2:   0030:  52 dc d3 c9 7a d7 73 20  33 14 38 d7 3e 47 51 55   R...z.s 3.8.>GQU  
DEBUG2:   0040:  9d 63 5b 03 45 51 0a 1d  11 8c 25 23 ed c3 71 2e   .c[.EQ....%#..q.  
DEBUG2:   0050:  58 05 1d 6e 0f 49 67 6f  5c 0a ac 0c 17 b2 b2 bc   X..n.Igo\.......  
DEBUG2:   0060:  5a 4f ef 1a c6 03 41 f8  66 53 4e 5d 3a 3b 41 5b   ZO....A.fSN]:;A[  
DEBUG2:   0070:  e8 7c 52 0e 95 6a 0a 5b  45 af d0 f5 5b e1 6e 2d   .|R..j.[E...[.n-  
DEBUG2:   0000:  c4                                                 .                 
DEBUG2:   0000:  31 d6 33 c0 d8 72 1d 73  c5 c9 ca 92 18 1b ef ed   1.3..r.s........  
DEBUG2:   0010:  72 1a 1e 4d 55 79 4e 00  57 c4 d1 d3 c6 b1 a8 9c   r..MUyN.W.......  
DEBUG2:   0020:  46 80 60 c8 cf d5 55 95  17 a3 28 7b 4d 2d ac f4   F.`...U...({M-..  
DEBUG2:   0030:  7a d0 2f 91 19 38 e8 c1  a4 3d be a3 ea 33 a7 45   z./..8...=...3.E  
DEBUG2:   0040:  21 4c 4c 2c 0b 18 ce 66  15 31 96 e3 31 f5 16 56   !LL,...f.1..1..V  
DEBUG2:   0050:  ca 33 ae 6c 8c 93 9c 62  34 53 93 b3 c1 f6 0b 3b   .3.l...b4S.....;  
DEBUG2:   0060:  08 65 53 e5 3b b4 d3 59  e1 a7 06 8a c1 71 9c e3   .eS.;..Y.....q..  
DEBUG2:   0070:  b7 92 58 4b c8 7d c6 16  ec 22 78 68 4a 60 50 04   ..XK.}..."xhJ`P.  
DEBUG2:   0000:  c4                                                 .                 
DEBUG2:   0000:  d7 de 08 cc bd e4 74 10  82 95 4b 09 c4 a3 2f 7f   ......t...K.../.  
DEBUG2:   0010:  68 23 69 65 e1 94 5f 8f  e9 45 d1 df 60 8a 18 73   h#ie.._..E..`..s  
DEBUG2:   0020:  f4 d1 42 b7 18 04 01 c3  4c 6e 12 08 fa df 6d a5   ..B.....Ln....m.  
DEBUG2:   0030:  c0 a4 3a 4c b4 02 7e c0  44 91 ca 49 08 6d ba f5   ..:L..~.D..I.m..  
DEBUG2:   0040:  9a 56 d9 db 1a 35 7a 6a  83 ee 38 4c 6b ef dd ce   .V...5zj..8Lk...  
DEBUG2:   0050:  f5 e8 01 e5 3f 16 80 4d  3e dd 6a 51 10 76 b9 dd   ....?..M>.jQ.v..  
DEBUG2:   0060:  35 a5 37 d5 92 da 58 af  a1 9d 5b f6 0a 77 e2 3b   5.7...X...[..w.;  
DEBUG2:   0070:  24 9d 3b 8f 8d 86 f4 09  fd 29 d2 2d 84 05 00 b3   $.;......).-....  
DEBUG2:   0000:  c4                                                 .                 
DEBUG2:   0000:  a0 1a 6b b6 02 8a d4 78  da 8c 5a 42 68 72 16 28   ..k....x..ZBhr.(  
DEBUG2:   0010:  6e 0f 1b c0 50 74 64 1d  f1 b6 85 9b 2d a0 d1 50   n...Ptd.....-..P  
DEBUG2:   0020:  88 3c 4d 3b 22 c0 99 df  8b 39 3e ad d4 b8 8e 81   .<M;"....9>.....  
DEBUG2:   0030:  64 93 b5 3a cf 33 ef 15  aa 8d 52 91 fd 13 05 86   d..:.3....R.....  
DEBUG2:   0040:  71 8b b6 fe 11 a7 81 f6  40 6c 89 aa 49 88 23 2a   q.......@l..I.#*  
DEBUG2:   0050:  16 d8 80 80 74 93 b5 4e  ef cb 62 44 fb 9c 6a e9   ....t..N..bD..j.  
DEBUG2:   0060:  5e 6c b0 b8 28 58 8b df  93 da 39 c0 7c 7a 5b bf   ^l..(X....9.|z[.  
DEBUG2:   0070:  7b e2 55 4b 4f 7b cc 10  bf 72 1c 5f f2 d2 61 d3   {.UKO{...r._..a.  
DEBUG2:   0000:  c4                                                 .                 
DEBUG2:   0000:  a0 f1 b8 0b 21 12 5d a8  08 b4 af 20 69 b8 2e 10   ....!.].... i...  
DEBUG2:   0010:  25 39 82 3d cc b0 44 a5  56 bb 9a a5 37 3d cc f3   %9.=..D.V...7=..  
DEBUG2:   0020:  4b d1 fe c0 bd ee 89 2b  8d e6 20 fd 7d 1b 20 ad   K......+.. .}. .  
DEBUG2:   0030:  08 cf 4d 71 1a ef fa 81  60 c3 45 02 3f 76 15 fd   ..Mq....`.E.?v..  
DEBUG2:   0040:  85 6b c8 d4 fc e8 7e b5  75 55 d4 94 05 16 95 e9   .k....~.uU......  
DEBUG2:   0050:  84 f1 0e e4 30 cd e9 75  f3 f7 ae 9c 8b 8f b0 03   ....0..u........  
DEBUG2:   0060:  40 71 ef fa 5d 4c 5e a1  42 82 4c 1e f4 e5 28 77   @q..]L^.B.L...(w  
DEBUG2:   0070:  df a0 ea 64 1f ac 47 a3  2d ef 65 2f e3 28 ab 33   ...d..G.-.e/.(.3  
DEBUG2:   0000:  c4                                                 .                 
DEBUG2:   0000:  8c 70 86 ad 2f e2 80 00  2d 54 63 e2 a8 10 1b 70   .p../...-Tc....p  
DEBUG2:   0010:  fa 8d 9b 2f 76 13 3d 80  29 1c d3 cd e2 cd 77 f5   .../v.=.).....w.  
DEBUG2:   0020:  2b 6d ca 97 a3 a6 35 91  09 49 49 c2 ed f6 74 7b   +m....5..II...t{  
DEBUG2:   0030:  cb 46 4f c2 8f 09 45 d3  fb ec 88 82 1b 06 bb de   .FO...E.........  
DEBUG2:   0040:  1e f9 45 f9 c9 e9 e3 ab  ce f1 95 a6 81 97 a2 31   ..E............1  
DEBUG2:   0050:  d7 8a d4 b8 78 2c ba 2f  1a 38 6e c5 4c cf 3b fb   ....x,./.8n.L.;.  
DEBUG2:   0060:  d4 24 6b 2d 69 a6 bc 62  bc 67 70 db 45 97 3d 01   .$k-i..b.gp.E.=.  
DEBUG2:   0070:  e0 df f0 03 ed c7 6b 31  43 ea 02 04 8d a9 93 1a   ......k1C.......  
DEBUG2:   0000:  c4                                                 .                 
DEBUG2:   0000:  1f 71 f9 bf 3a 1a bb fc  24 18 3a e3 e5 33 9c a4   .q..:...$.:..3..  
DEBUG2:   0010:  e7 17 66 78 ac 30 19 14  1e 5f a9 00 2a d7 a1 af   ..fx.0..._..*...  
DEBUG2:   0020:  60 93 b1 2e cf 51 c3 56  b6 70 0a 33 a7 17 86 4e   `....Q.V.p.3...N  
DEBUG2:   0030:  a3 f6 40 19 88 37 40 39  80 b8 a8 5b 52 81 89 3d   ..@..7@9...[R..=  
DEBUG2:   0040:  3e 38 80 b0 29 c1 31 00  72 84 ce f5 d4 67 d5 3c   >8..).1.r....g.<  
DEBUG2:   0050:  c0 f3 97 1f 81 92 ad c9  71 e3 46 00 59 b9 9d 21   ........q.F.Y..!  
DEBUG2:   0060:  5f bc 2a 08 37 fb 6e 02  b1 1d b4 ce 45 9b 9f ba   _.*.7.n.....E...  
DEBUG2:   0070:  eb 46 b5 31 bf 1d aa 87  8c ab c2 b7 8e 1c e3 3d   .F.1...........=  
DEBUG2:   0000:  c4                                                 .                 
DEBUG2:   0000:  13 19 27 fd 1d 16 c8 76  64 41 08 a7 e4 e6 47 b6   ..'....vdA....G.  
DEBUG2:   0010:  2c ff a3 b2 a1 5d 85 38  4b 37 98 48 22 c6 b2 81   ,....].8K7.H"...  
DEBUG2:   0020:  43 92 83 7e 09 41 0c 7b  5c 92 ca 25 3f cd 78 87   C..~.A.{\..%?.x.  
DEBUG2:   0030:  b7 b0 f2 b5 1d cd b1 b4  2e eb 70 53 29 3a b0 9c   ..........pS):..  
DEBUG2:   0040:  14 44 69 94 4b d6 fd 7c  dc dd f9 33 41 e0 f0 4f   .Di.K..|...3A..O  
DEBUG2:   0050:  90 f2 22 b1 71 09 98 08  d9 0f fe b9 6c 16 86 e2   ..".q.......l...  
DEBUG2:   0060:  b6 01 2f 19 b6 8e 2c 94  a0 16 25 c3 d6 82 a1 6f   ../...,...%....o  
DEBUG2:   0070:  d6 a0 3a 1e 8c e5 65 49  bb ea e3 9f 47 b6 42 b0   ..:...eI....G.B.  
DEBUG2:   0000:  c4                                                 .                 
DEBUG2:   0000:  8e 4d f1 da d6 b8 af 4f  6f 18 5d 2e 3c e1 44 9b   .M.....Oo.].<.D.  
DEBUG2:   0010:  2a 4d dc f8 0b 3a 4d 17  10 80 f6 39 d7 f7 59 07   *M...:M....9..Y.  
DEBUG2:   0020:  1e 9b 57 67 67 0a b0 36  0b c6 c8 77 ba 5e 29 a7   ..Wgg..6...w.^).  
DEBUG2:   0030:  5b 46 3d 92 58 cc 2f 89  6a 37 51 06 02 ef 67 a8   [F=.X./.j7Q...g.  
DEBUG2:   0040:  e0 15 b3 bf a9 2a b8 f4  f0 09 64 85 3b 11 6c 68   .....*....d.;.lh  
DEBUG2:   0050:  00 ea 30 e5 fc c7 db 49  ae 43 48 8f ee a6 44 67   ..0....I.CH...Dg  
DEBUG2:   0060:  73 86 da 72 f5 be 7c 0e  cf aa a1 49 9a e3 c4 c6   s..r..|....I....  
DEBUG2:   0070:  70 e4 a9 ae 07 1e ab 27  87 ba 35 9e 0c d8 8f 74   p......'..5....t  
DEBUG2:   0000:  c4                                                 .                 
DEBUG2:   0000:  ad 1d e5 5f 0e 08 f4 de  79 70 31 27 3d 25 8b b3   ..._....yp1'=%..  
DEBUG2:   0010:  3e ec ce 7b 94 62 61 ba  d9 6e ce c7 62 ff 02 2c   >..{.ba..n..b..,  
DEBUG2:   0020:  9b b1 6c 3d 6e 66 6c 4a  00 17 09 68 10 9a 03 de   ..l=nflJ...h....  
DEBUG2:   0030:  96 d8 32 9d 96 c7 5c 78  3d 45 bf ed 2f fd 2f 70   ..2...\x=E.././p  
DEBUG2:   0040:  00 73 0d 68 84 5d 13 41  c6 14 c2 00 1e f5 17 8d   .s.h.].A........  
DEBUG2:   0050:  a5 6b d8 b8 61 bb e8 29  fc f7 63 9b 4e bb 64 02   .k..a..)..c.N.d.  
DEBUG2:   0060:  9c 1e e6 11 b6 d1 f8 fd  79 76 3d a9 d0 88 d4 b5   ........yv=.....  
DEBUG2:   0070:  6e 80 98 b9 06 76 b2 e2  95 2e e8 d5 c5 e2 8e 12   n....v..........  
DEBUG2:   0000:  c4                                                 .                 
DEBUG2:   0000:  f3 7d d6 65 5c e1 c9 87  8d 0e 1b db f4 5c 2e c2   .}.e\........\..  
DEBUG2:   0010:  f5 d8 61 4c e3 ad be 1b  4e 72 a8 6c 60 6e 44 30   ..aL....Nr.l`nD0  
DEBUG2:   0020:  c8 97 3e 33 14 72 af 10  33 08 92 dd 02 70 3b e2   ..>3.r..3....p;.  
DEBUG2:   0030:  be c6 e2 1e 4e b6 73 58  cd b9 dd ea 5d 10 1f 1a   ....N.sX....]...  
DEBUG2:   0040:  12 5d 86 33 e9 45 bc ab  13 ea b5 78 1b 64 30 6b   .].3.E.....x.d0k  
DEBUG2:   0050:  4c d9 97 17 84 65 26 e0  cc 32 82 dc 0f fa a9 e6   L....e&..2......  
DEBUG2:   0060:  d0 21 81 3f 16 29 e5 22  3f 45 5c bd 78 c1 1f f5   .!.?.)."?E\.x...  
DEBUG2:   0070:  98 b5 10 4c 47 20 54 d4  ef a3 4d 51 87 f2 c7 3f   ...LG T...MQ...?  
DEBUG2:   0000:  c4                                                 .                 
DEBUG2:   0000:  d5 e1 cd aa 40 26 b5 3b  15 50 2b 3c 60 22 b7 61   ....@&.;.P+<`".a  
DEBUG2:   0010:  ec 4c a4 ed 5a 20 6d d8  c9 d0 08 c2 b4 dd 49 1a   .L..Z m.......I.  
DEBUG2:   0020:  fc 23 8c 41 bc ef 39 88  a8 3d ea 75 2a db a6 3b   .#.A..9..=.u*..;  
DEBUG2:   0030:  52 ff 3c 03 fb 40 0a fa  97 d1 87 64 5e 9a b3 cd   R.<..@.....d^...  
DEBUG2:   0040:  40 67 d8 4f 54 6d 75 21  c8 cb ec cb f2 82 b7 3a   @g.OTmu!.......:  
DEBUG2:   0050:  d9 25 f5 25 4c bc 04 23  f7 88 7b 83 68 b1 a5 a4   .%.%L..#..{.h...  
DEBUG2:   0060:  82 5a 62 86 05 9d 8c 8e  3b a7 8b e6 d0 85 85 7a   .Zb.....;......z  
DEBUG2:   0070:  cf 63 04 54 1c c9 6d 76  36 32 ce c9 f2 c2 36 9e   .c.T..mv62....6.  
DEBUG2:   0000:  c4                                                 .                 
DEBUG2:   0000:  46 0a 88 ac fe d5 e5 2e  69 2f 24 22 c6 02 2b ae   F.......i/$"..+.  
DEBUG2:   0010:  1a 80 77 7d 17 4d 75 b7  db 91 55 a6 4d e2 24 e3   ..w}.Mu...U.M.$.  
DEBUG2:   0020:  e8 49 9e e5 c4 85 57 eb  a0 26 dc 80 5f c8 df 62   .I....W..&.._..b  
DEBUG2:   0030:  b8 ae 13 7f ab 5c ee 4c  97 f4 78 d7 f8 73 47 ed   .....\.L..x..sG.  
DEBUG2:   0040:  63 f6 13 45 26 8f f2 d0  6a 75 69 e0 82 65 bb 39   c..E&...jui..e.9  
DEBUG2:   0050:  f6 e8 ed 8b c9 7c 9d 59  bd 7d 46 dd 8d bc 78 06   .....|.Y.}F...x.  
DEBUG2:   0060:  9e a3 f8 f0 b6 75 17 d3  69 21 2e ee 1e a4 9b 16   .....u..i!......  
DEBUG2:   0070:  35 11 ff 72 89 a8 de fd  f3 40 36 9f 36 6b 9c 37   5..r.....@6.6k.7  
DEBUG2:   0000:  c4                                                 .                 
DEBUG2:   0000:  50 e1 e1 f6 66 bb 85 bf  d1 b8 1c b2 b2 dc 64 d6   P...f.........d.  
DEBUG2:   0010:  8c 62 0b 38 4c 32 ca 43  f9 a8 63 13 85 1c 21 90   .b.8L2.C..c...!.  
DEBUG2:   0020:  62 73 02 89 e1 5a e9 bc  ad ce 19 11 64 ac f9 c7   bs...Z......d...  
DEBUG2:   0030:  38 b9 90 c8 04 fa 4e 9c  38 4b 6d 06 d6 24 92 98   8.....N.8Km..$..  
DEBUG2:   0040:  c4 03 a0 6b 00 27 f7 2f  ad 54 a3 09 6e df e7